Rendering to 1000x1000 image
Loaded scene with 315 circles
Loaded scene with 315 circles
---------------------------------------------------------
Initializing CUDA for CudaRenderer
Found 1 CUDA devices
Device 0: NVIDIA GeForce RTX 3070
   SMs:        46
   Global mem: 7960 MB
   CUDA Cap:   8.6
---------------------------------------------------------
WARNING: You're not running on a fast GPU, please consider using NVIDIA GTX 480, 670 or 780.
---------------------------------------------------------

Running benchmark, 1 frames, beginning at frame 0 ...
Copying image data from device
Mismatch detected at pixel [98][116], value = 0.250000, expected 0.125000 for color Red
Mismatch detected at pixel [98][116], value = 0.250000, expected 0.125000 for color Blue
Mismatch detected at pixel [98][117], value = 0.250000, expected 0.125000 for color Red
Mismatch detected at pixel [98][117], value = 0.250000, expected 0.125000 for color Blue
Mismatch detected at pixel [222][998], value = 0.500244, expected 0.000488 for color Red
Mismatch detected at pixel [222][998], value = 0.500244, expected 0.000488 for color Green
ERROR : Mismatch detected between reference and actual
