Rendering to 1000x1000 image
Loaded scene with 10000 circles
Loaded scene with 10000 circles
---------------------------------------------------------
Initializing CUDA for CudaRenderer
Found 1 CUDA devices
Device 0: NVIDIA GeForce RTX 3070
   SMs:        46
   Global mem: 7960 MB
   CUDA Cap:   8.6
---------------------------------------------------------
WARNING: You're not running on a fast GPU, please consider using NVIDIA GTX 480, 670 or 780.
---------------------------------------------------------

Running benchmark, 1 frames, beginning at frame 0 ...
Copying image data from device
Mismatch detected at pixel [0][1], value = 0.853059, expected 0.675655 for color Red
Mismatch detected at pixel [0][2], value = 0.833769, expected 0.675655 for color Red
Mismatch detected at pixel [0][3], value = 0.846197, expected 0.673042 for color Red
Mismatch detected at pixel [0][4], value = 0.816018, expected 0.673042 for color Red
Mismatch detected at pixel [0][7], value = 0.805011, expected 0.695965 for color Blue
Mismatch detected at pixel [0][8], value = 0.338539, expected 0.439713 for color Green
ERROR : Mismatch detected between reference and actual
