Rendering to 1000x1000 image
Loaded scene with 100000 circles
Loaded scene with 100000 circles
---------------------------------------------------------
Initializing CUDA for CudaRenderer
Found 1 CUDA devices
Device 0: NVIDIA GeForce RTX 3070
   SMs:        46
   Global mem: 7960 MB
   CUDA Cap:   8.6
---------------------------------------------------------
WARNING: You're not running on a fast GPU, please consider using NVIDIA GTX 480, 670 or 780.
---------------------------------------------------------

Running benchmark, 1 frames, beginning at frame 0 ...
Copying image data from device
***************** Correctness check passed **************************
Clear:    0.1828 ms
Advance:  0.1303 ms
Render:   0.0136 ms
Total:    0.3268 ms

Overall:  0.0518 sec (note units are seconds)
