Rendering to 1000x1000 image
Loaded scene with 10000 circles
Loaded scene with 10000 circles
---------------------------------------------------------
Initializing CUDA for CudaRenderer
Found 1 CUDA devices
Device 0: NVIDIA GeForce RTX 3070
   SMs:        46
   Global mem: 7960 MB
   CUDA Cap:   8.6
---------------------------------------------------------
WARNING: You're not running on a fast GPU, please consider using NVIDIA GTX 480, 670 or 780.
---------------------------------------------------------

Running benchmark, 1 frames, beginning at frame 0 ...
Copying image data from device
Mismatch detected at pixel [0][0], value = 0.756165, expected 0.517278 for color Red
Mismatch detected at pixel [0][1], value = 0.789273, expected 0.517276 for color Red
Mismatch detected at pixel [0][2], value = 0.875051, expected 0.517276 for color Red
Mismatch detected at pixel [0][3], value = 0.693269, expected 0.517276 for color Red
Mismatch detected at pixel [0][4], value = 0.683868, expected 0.517276 for color Red
Mismatch detected at pixel [0][5], value = 0.657664, expected 0.532886 for color Red
ERROR : Mismatch detected between reference and actual
