Rendering to 1000x1000 image
Loaded scene with 3 circles
Loaded scene with 3 circles
---------------------------------------------------------
Initializing CUDA for CudaRenderer
Found 1 CUDA devices
Device 0: NVIDIA GeForce RTX 3070
   SMs:        46
   Global mem: 7960 MB
   CUDA Cap:   8.6
---------------------------------------------------------
WARNING: You're not running on a fast GPU, please consider using NVIDIA GTX 480, 670 or 780.
---------------------------------------------------------

Running benchmark, 1 frames, beginning at frame 0 ...
Copying image data from device
Mismatch detected at pixel [204][448], value = 0.750000, expected 0.500000 for color Red
Mismatch detected at pixel [204][448], value = 0.500000, expected 0.750000 for color Green
Mismatch detected at pixel [204][449], value = 0.750000, expected 0.500000 for color Red
Mismatch detected at pixel [204][449], value = 0.500000, expected 0.750000 for color Green
Mismatch detected at pixel [204][450], value = 0.750000, expected 0.500000 for color Red
Mismatch detected at pixel [204][450], value = 0.500000, expected 0.750000 for color Green
ERROR : Mismatch detected between reference and actual
